<?xml version="1.0" encoding="UTF-8"?>
<testng-results ignored="0" total="1" passed="1" failed="0" skipped="0">
  <reporter-output>
  </reporter-output>
  <suite started-at="2022-07-15T10:07:03 IST" name="Default suite" finished-at="2022-07-15T10:09:49 IST" duration-ms="166486">
    <groups>
    </groups>
    <test started-at="2022-07-15T10:07:03 IST" name="Default test" finished-at="2022-07-15T10:09:49 IST" duration-ms="166486">
      <class name="TestCases.HomeTest">
        <test-method is-config="true" signature="loadConfig()[pri:0, instance:TestCases.HomeTest@6fdbe764]" started-at="2022-07-15T10:07:03 IST" name="loadConfig" finished-at="2022-07-15T10:07:03 IST" duration-ms="13" status="PASS">
          <reporter-output>
          </reporter-output>
        </test-method> <!-- loadConfig -->
        <test-method is-config="true" signature="firstCall()[pri:0, instance:TestCases.HomeTest@6fdbe764]" started-at="2022-07-15T10:07:03 IST" name="firstCall" finished-at="2022-07-15T10:09:35 IST" duration-ms="152571" status="PASS">
          <reporter-output>
          </reporter-output>
        </test-method> <!-- firstCall -->
        <test-method signature="timesheetclick()[pri:0, instance:TestCases.HomeTest@6fdbe764]" started-at="2022-07-15T10:09:36 IST" name="timesheetclick" finished-at="2022-07-15T10:09:49 IST" duration-ms="13666" status="PASS">
          <reporter-output>
          </reporter-output>
        </test-method> <!-- timesheetclick -->
      </class> <!-- TestCases.HomeTest -->
    </test> <!-- Default test -->
  </suite> <!-- Default suite -->
</testng-results>
